{"/Users/khaichan/Desktop/Work/Wolt-task/src/App.tsx": {"path":"/Users/khaichan/Desktop/Work/Wolt-task/src/App.tsx","statementMap":{"0":{"start":{"line":5,"column":22},"end":{"line":16,"column":null}}},"fnMap":{"0":{"name":"(anonymous_0)","decl":{"start":{"line":5,"column":22},"end":{"line":5,"column":null}},"loc":{"start":{"line":5,"column":22},"end":{"line":16,"column":null}}}},"branchMap":{},"s":{"0":1},"f":{"0":3},"b":{}}
,"/Users/khaichan/Desktop/Work/Wolt-task/src/components/Calculator.tsx": {"path":"/Users/khaichan/Desktop/Work/Wolt-task/src/components/Calculator.tsx","statementMap":{"0":{"start":{"line":12,"column":29},"end":{"line":129,"column":null}},"1":{"start":{"line":13,"column":36},"end":{"line":13,"column":null}},"2":{"start":{"line":14,"column":34},"end":{"line":14,"column":null}},"3":{"start":{"line":15,"column":36},"end":{"line":15,"column":null}},"4":{"start":{"line":16,"column":36},"end":{"line":16,"column":null}},"5":{"start":{"line":17,"column":30},"end":{"line":17,"column":null}},"6":{"start":{"line":18,"column":28},"end":{"line":18,"column":null}},"7":{"start":{"line":20,"column":59},"end":{"line":20,"column":null}},"8":{"start":{"line":22,"column":23},"end":{"line":22,"column":null}},"9":{"start":{"line":24,"column":30},"end":{"line":27,"column":null}},"10":{"start":{"line":25,"column":4},"end":{"line":25,"column":null}},"11":{"start":{"line":26,"column":4},"end":{"line":26,"column":null}},"12":{"start":{"line":29,"column":23},"end":{"line":88,"column":null}},"13":{"start":{"line":30,"column":4},"end":{"line":30,"column":null}},"14":{"start":{"line":32,"column":4},"end":{"line":35,"column":null}},"15":{"start":{"line":33,"column":6},"end":{"line":33,"column":null}},"16":{"start":{"line":34,"column":6},"end":{"line":34,"column":null}},"17":{"start":{"line":37,"column":22},"end":{"line":37,"column":null}},"18":{"start":{"line":38,"column":22},"end":{"line":38,"column":null}},"19":{"start":{"line":39,"column":4},"end":{"line":42,"column":null}},"20":{"start":{"line":40,"column":6},"end":{"line":40,"column":null}},"21":{"start":{"line":41,"column":6},"end":{"line":41,"column":null}},"22":{"start":{"line":44,"column":4},"end":{"line":87,"column":null}},"23":{"start":{"line":45,"column":6},"end":{"line":45,"column":null}},"24":{"start":{"line":47,"column":6},"end":{"line":50,"column":null}},"25":{"start":{"line":48,"column":8},"end":{"line":48,"column":null}},"26":{"start":{"line":49,"column":8},"end":{"line":49,"column":null}},"27":{"start":{"line":52,"column":31},"end":{"line":56,"column":null}},"28":{"start":{"line":59,"column":38},"end":{"line":59,"column":null}},"29":{"start":{"line":61,"column":26},"end":{"line":64,"column":null}},"30":{"start":{"line":67,"column":31},"end":{"line":67,"column":null}},"31":{"start":{"line":68,"column":34},"end":{"line":70,"column":null}},"32":{"start":{"line":73,"column":25},"end":{"line":73,"column":null}},"33":{"start":{"line":75,"column":6},"end":{"line":81,"column":null}},"34":{"start":{"line":82,"column":6},"end":{"line":82,"column":null}},"35":{"start":{"line":84,"column":6},"end":{"line":84,"column":null}},"36":{"start":{"line":85,"column":6},"end":{"line":85,"column":null}},"37":{"start":{"line":86,"column":6},"end":{"line":86,"column":null}},"38":{"start":{"line":90,"column":2},"end":{"line":94,"column":null}},"39":{"start":{"line":91,"column":4},"end":{"line":93,"column":null}},"40":{"start":{"line":92,"column":6},"end":{"line":92,"column":null}},"41":{"start":{"line":96,"column":22},"end":{"line":96,"column":null}}},"fnMap":{"0":{"name":"(anonymous_0)","decl":{"start":{"line":12,"column":29},"end":{"line":12,"column":null}},"loc":{"start":{"line":12,"column":29},"end":{"line":129,"column":null}}},"1":{"name":"(anonymous_1)","decl":{"start":{"line":24,"column":30},"end":{"line":24,"column":31}},"loc":{"start":{"line":24,"column":44},"end":{"line":27,"column":null}}},"2":{"name":"(anonymous_2)","decl":{"start":{"line":29,"column":23},"end":{"line":29,"column":30}},"loc":{"start":{"line":29,"column":30},"end":{"line":88,"column":null}}},"3":{"name":"(anonymous_3)","decl":{"start":{"line":90,"column":12},"end":{"line":90,"column":null}},"loc":{"start":{"line":90,"column":12},"end":{"line":94,"column":5}}}},"branchMap":{"0":{"loc":{"start":{"line":32,"column":4},"end":{"line":35,"column":null}},"type":"if","locations":[{"start":{"line":32,"column":4},"end":{"line":35,"column":null}},{"start":{},"end":{}}]},"1":{"loc":{"start":{"line":32,"column":8},"end":{"line":32,"column":61}},"type":"binary-expr","locations":[{"start":{"line":32,"column":8},"end":{"line":32,"column":22}},{"start":{"line":32,"column":22},"end":{"line":32,"column":35}},{"start":{"line":32,"column":35},"end":{"line":32,"column":49}},{"start":{"line":32,"column":49},"end":{"line":32,"column":61}}]},"2":{"loc":{"start":{"line":39,"column":4},"end":{"line":42,"column":null}},"type":"if","locations":[{"start":{"line":39,"column":4},"end":{"line":42,"column":null}},{"start":{},"end":{}}]},"3":{"loc":{"start":{"line":39,"column":8},"end":{"line":39,"column":46}},"type":"binary-expr","locations":[{"start":{"line":39,"column":8},"end":{"line":39,"column":28}},{"start":{"line":39,"column":28},"end":{"line":39,"column":46}}]},"4":{"loc":{"start":{"line":47,"column":6},"end":{"line":50,"column":null}},"type":"if","locations":[{"start":{"line":47,"column":6},"end":{"line":50,"column":null}},{"start":{},"end":{}}]},"5":{"loc":{"start":{"line":91,"column":4},"end":{"line":93,"column":null}},"type":"if","locations":[{"start":{"line":91,"column":4},"end":{"line":93,"column":null}},{"start":{},"end":{}}]},"6":{"loc":{"start":{"line":91,"column":8},"end":{"line":91,"column":38}},"type":"binary-expr","locations":[{"start":{"line":91,"column":8},"end":{"line":91,"column":18}},{"start":{"line":91,"column":18},"end":{"line":91,"column":38}}]},"7":{"loc":{"start":{"line":96,"column":22},"end":{"line":96,"column":null}},"type":"binary-expr","locations":[{"start":{"line":96,"column":22},"end":{"line":96,"column":35}},{"start":{"line":96,"column":35},"end":{"line":96,"column":47}},{"start":{"line":96,"column":47},"end":{"line":96,"column":60}},{"start":{"line":96,"column":60},"end":{"line":96,"column":null}}]},"8":{"loc":{"start":{"line":125,"column":9},"end":{"line":125,"column":19}},"type":"binary-expr","locations":[{"start":{"line":125,"column":9},"end":{"line":125,"column":19}}]}},"s":{"0":3,"1":27,"2":27,"3":27,"4":27,"5":27,"6":27,"7":27,"8":27,"9":27,"10":0,"11":0,"12":27,"13":4,"14":4,"15":0,"16":0,"17":4,"18":4,"19":4,"20":0,"21":0,"22":4,"23":4,"24":4,"25":0,"26":0,"27":4,"28":4,"29":4,"30":4,"31":4,"32":4,"33":4,"34":4,"35":0,"36":0,"37":0,"38":27,"39":11,"40":4,"41":27},"f":{"0":27,"1":0,"2":4,"3":11},"b":{"0":[0,4],"1":[4,4,4,4],"2":[0,4],"3":[4,4],"4":[0,4],"5":[4,7],"6":[11,4],"7":[27,20,12,8],"8":[27]}}
,"/Users/khaichan/Desktop/Work/Wolt-task/src/components/ui/Footer.tsx": {"path":"/Users/khaichan/Desktop/Work/Wolt-task/src/components/ui/Footer.tsx","statementMap":{"0":{"start":{"line":3,"column":25},"end":{"line":12,"column":null}}},"fnMap":{"0":{"name":"(anonymous_0)","decl":{"start":{"line":3,"column":25},"end":{"line":3,"column":null}},"loc":{"start":{"line":3,"column":25},"end":{"line":12,"column":null}}}},"branchMap":{},"s":{"0":1},"f":{"0":3},"b":{}}
,"/Users/khaichan/Desktop/Work/Wolt-task/src/components/ui/PriceBreakdown.tsx": {"path":"/Users/khaichan/Desktop/Work/Wolt-task/src/components/ui/PriceBreakdown.tsx","statementMap":{"0":{"start":{"line":8,"column":54},"end":{"line":60,"column":null}},"1":{"start":{"line":15,"column":6},"end":{"line":15,"column":null}},"2":{"start":{"line":17,"column":23},"end":{"line":17,"column":null}},"3":{"start":{"line":18,"column":25},"end":{"line":18,"column":null}},"4":{"start":{"line":19,"column":23},"end":{"line":19,"column":null}},"5":{"start":{"line":20,"column":24},"end":{"line":20,"column":null}}},"fnMap":{"0":{"name":"(anonymous_0)","decl":{"start":{"line":8,"column":54},"end":{"line":8,"column":55}},"loc":{"start":{"line":8,"column":65},"end":{"line":60,"column":null}}}},"branchMap":{},"s":{"0":3,"1":4,"2":4,"3":4,"4":4,"5":4},"f":{"0":4},"b":{}}
,"/Users/khaichan/Desktop/Work/Wolt-task/src/components/ui/Title.tsx": {"path":"/Users/khaichan/Desktop/Work/Wolt-task/src/components/ui/Title.tsx","statementMap":{"0":{"start":{"line":3,"column":24},"end":{"line":14,"column":null}}},"fnMap":{"0":{"name":"(anonymous_0)","decl":{"start":{"line":3,"column":24},"end":{"line":3,"column":null}},"loc":{"start":{"line":3,"column":24},"end":{"line":14,"column":null}}}},"branchMap":{},"s":{"0":1},"f":{"0":3},"b":{}}
,"/Users/khaichan/Desktop/Work/Wolt-task/src/components/ui/Buttons/CalculateButton.tsx": {"path":"/Users/khaichan/Desktop/Work/Wolt-task/src/components/ui/Buttons/CalculateButton.tsx","statementMap":{"0":{"start":{"line":9,"column":56},"end":{"line":38,"column":null}}},"fnMap":{"0":{"name":"(anonymous_0)","decl":{"start":{"line":9,"column":56},"end":{"line":9,"column":57}},"loc":{"start":{"line":13,"column":1},"end":{"line":38,"column":null}}}},"branchMap":{"0":{"loc":{"start":{"line":21,"column":10},"end":{"line":21,"column":null}},"type":"cond-expr","locations":[{"start":{"line":21,"column":21},"end":{"line":21,"column":55}},{"start":{"line":21,"column":55},"end":{"line":21,"column":null}}]},"1":{"loc":{"start":{"line":31,"column":17},"end":{"line":31,"column":null}},"type":"cond-expr","locations":[{"start":{"line":31,"column":25},"end":{"line":31,"column":33}},{"start":{"line":31,"column":33},"end":{"line":31,"column":null}}]},"2":{"loc":{"start":{"line":34,"column":9},"end":{"line":34,"column":22}},"type":"binary-expr","locations":[{"start":{"line":34,"column":9},"end":{"line":34,"column":18}},{"start":{"line":34,"column":18},"end":{"line":34,"column":22}}]}},"s":{"0":3},"f":{"0":27},"b":{"0":[19,8],"1":[0,27],"2":[27,27]}}
,"/Users/khaichan/Desktop/Work/Wolt-task/src/components/ui/Buttons/GetLocationButton.tsx": {"path":"/Users/khaichan/Desktop/Work/Wolt-task/src/components/ui/Buttons/GetLocationButton.tsx","statementMap":{"0":{"start":{"line":8,"column":60},"end":{"line":57,"column":null}},"1":{"start":{"line":12,"column":28},"end":{"line":43,"column":null}},"2":{"start":{"line":13,"column":4},"end":{"line":16,"column":null}},"3":{"start":{"line":14,"column":6},"end":{"line":14,"column":null}},"4":{"start":{"line":15,"column":6},"end":{"line":15,"column":null}},"5":{"start":{"line":21,"column":40},"end":{"line":21,"column":55}},"6":{"start":{"line":22,"column":8},"end":{"line":22,"column":null}},"7":{"start":{"line":25,"column":27},"end":{"line":25,"column":null}},"8":{"start":{"line":26,"column":8},"end":{"line":38,"column":null}},"9":{"start":{"line":28,"column":12},"end":{"line":28,"column":null}},"10":{"start":{"line":29,"column":12},"end":{"line":29,"column":null}},"11":{"start":{"line":31,"column":12},"end":{"line":31,"column":null}},"12":{"start":{"line":32,"column":12},"end":{"line":32,"column":null}},"13":{"start":{"line":34,"column":12},"end":{"line":34,"column":null}},"14":{"start":{"line":35,"column":12},"end":{"line":35,"column":null}},"15":{"start":{"line":37,"column":12},"end":{"line":37,"column":null}},"16":{"start":{"line":39,"column":8},"end":{"line":39,"column":null}}},"fnMap":{"0":{"name":"(anonymous_0)","decl":{"start":{"line":8,"column":60},"end":{"line":8,"column":61}},"loc":{"start":{"line":11,"column":1},"end":{"line":57,"column":null}}},"1":{"name":"(anonymous_1)","decl":{"start":{"line":12,"column":28},"end":{"line":12,"column":null}},"loc":{"start":{"line":12,"column":28},"end":{"line":43,"column":null}}},"2":{"name":"(anonymous_2)","decl":{"start":{"line":20,"column":6},"end":{"line":20,"column":7}},"loc":{"start":{"line":20,"column":7},"end":{"line":23,"column":null}}},"3":{"name":"(anonymous_3)","decl":{"start":{"line":24,"column":6},"end":{"line":24,"column":7}},"loc":{"start":{"line":24,"column":7},"end":{"line":40,"column":null}}}},"branchMap":{"0":{"loc":{"start":{"line":13,"column":4},"end":{"line":16,"column":null}},"type":"if","locations":[{"start":{"line":13,"column":4},"end":{"line":16,"column":null}},{"start":{},"end":{}}]},"1":{"loc":{"start":{"line":26,"column":8},"end":{"line":38,"column":null}},"type":"switch","locations":[{"start":{"line":27,"column":10},"end":{"line":29,"column":null}},{"start":{"line":30,"column":10},"end":{"line":32,"column":null}},{"start":{"line":33,"column":10},"end":{"line":35,"column":null}},{"start":{"line":36,"column":10},"end":{"line":37,"column":null}}]}},"s":{"0":4,"1":31,"2":3,"3":1,"4":1,"5":1,"6":1,"7":1,"8":1,"9":1,"10":1,"11":0,"12":0,"13":0,"14":0,"15":0,"16":1},"f":{"0":31,"1":3,"2":1,"3":1},"b":{"0":[1,2],"1":[1,0,0,0]}}
,"/Users/khaichan/Desktop/Work/Wolt-task/src/components/ui/Inputs/CartValueInput.tsx": {"path":"/Users/khaichan/Desktop/Work/Wolt-task/src/components/ui/Inputs/CartValueInput.tsx","statementMap":{"0":{"start":{"line":9,"column":54},"end":{"line":70,"column":null}},"1":{"start":{"line":14,"column":28},"end":{"line":14,"column":null}},"2":{"start":{"line":16,"column":28},"end":{"line":25,"column":null}},"3":{"start":{"line":17,"column":18},"end":{"line":17,"column":32}},"4":{"start":{"line":18,"column":4},"end":{"line":24,"column":null}},"5":{"start":{"line":19,"column":6},"end":{"line":19,"column":null}},"6":{"start":{"line":21,"column":6},"end":{"line":23,"column":null}},"7":{"start":{"line":22,"column":8},"end":{"line":22,"column":null}},"8":{"start":{"line":27,"column":21},"end":{"line":33,"column":null}},"9":{"start":{"line":28,"column":4},"end":{"line":32,"column":null}},"10":{"start":{"line":29,"column":6},"end":{"line":29,"column":null}},"11":{"start":{"line":30,"column":11},"end":{"line":32,"column":null}},"12":{"start":{"line":31,"column":6},"end":{"line":31,"column":null}}},"fnMap":{"0":{"name":"(anonymous_0)","decl":{"start":{"line":9,"column":54},"end":{"line":9,"column":55}},"loc":{"start":{"line":13,"column":1},"end":{"line":70,"column":null}}},"1":{"name":"(anonymous_1)","decl":{"start":{"line":16,"column":28},"end":{"line":16,"column":29}},"loc":{"start":{"line":16,"column":29},"end":{"line":25,"column":null}}},"2":{"name":"(anonymous_2)","decl":{"start":{"line":27,"column":21},"end":{"line":27,"column":null}},"loc":{"start":{"line":27,"column":21},"end":{"line":33,"column":null}}}},"branchMap":{"0":{"loc":{"start":{"line":18,"column":4},"end":{"line":24,"column":null}},"type":"if","locations":[{"start":{"line":18,"column":4},"end":{"line":24,"column":null}},{"start":{},"end":{}}]},"1":{"loc":{"start":{"line":21,"column":6},"end":{"line":23,"column":null}},"type":"if","locations":[{"start":{"line":21,"column":6},"end":{"line":23,"column":null}},{"start":{},"end":{}}]},"2":{"loc":{"start":{"line":28,"column":4},"end":{"line":32,"column":null}},"type":"if","locations":[{"start":{"line":28,"column":4},"end":{"line":32,"column":null}},{"start":{"line":30,"column":11},"end":{"line":32,"column":null}}]},"3":{"loc":{"start":{"line":30,"column":11},"end":{"line":32,"column":null}},"type":"if","locations":[{"start":{"line":30,"column":11},"end":{"line":32,"column":null}},{"start":{},"end":{}}]},"4":{"loc":{"start":{"line":62,"column":19},"end":{"line":62,"column":null}},"type":"cond-expr","locations":[{"start":{"line":62,"column":27},"end":{"line":62,"column":35}},{"start":{"line":62,"column":35},"end":{"line":62,"column":null}}]},"5":{"loc":{"start":{"line":65,"column":11},"end":{"line":65,"column":null}},"type":"binary-expr","locations":[{"start":{"line":65,"column":11},"end":{"line":65,"column":20}},{"start":{"line":65,"column":20},"end":{"line":65,"column":null}}]}},"s":{"0":4,"1":37,"2":37,"3":9,"4":9,"5":8,"6":8,"7":1,"8":37,"9":4,"10":3,"11":1,"12":1},"f":{"0":37,"1":9,"2":4},"b":{"0":[8,1],"1":[1,7],"2":[3,1],"3":[1,0],"4":[3,34],"5":[37,34]}}
,"/Users/khaichan/Desktop/Work/Wolt-task/src/components/ui/Inputs/GetLocationInput.tsx": {"path":"/Users/khaichan/Desktop/Work/Wolt-task/src/components/ui/Inputs/GetLocationInput.tsx","statementMap":{"0":{"start":{"line":10,"column":58},"end":{"line":76,"column":null}},"1":{"start":{"line":16,"column":31},"end":{"line":21,"column":null}},"2":{"start":{"line":17,"column":18},"end":{"line":17,"column":32}},"3":{"start":{"line":18,"column":4},"end":{"line":20,"column":null}},"4":{"start":{"line":19,"column":6},"end":{"line":19,"column":null}},"5":{"start":{"line":23,"column":32},"end":{"line":28,"column":null}},"6":{"start":{"line":24,"column":18},"end":{"line":24,"column":32}},"7":{"start":{"line":25,"column":4},"end":{"line":27,"column":null}},"8":{"start":{"line":26,"column":6},"end":{"line":26,"column":null}}},"fnMap":{"0":{"name":"(anonymous_0)","decl":{"start":{"line":10,"column":58},"end":{"line":10,"column":59}},"loc":{"start":{"line":15,"column":1},"end":{"line":76,"column":null}}},"1":{"name":"(anonymous_1)","decl":{"start":{"line":16,"column":31},"end":{"line":16,"column":32}},"loc":{"start":{"line":16,"column":32},"end":{"line":21,"column":null}}},"2":{"name":"(anonymous_2)","decl":{"start":{"line":23,"column":32},"end":{"line":23,"column":33}},"loc":{"start":{"line":23,"column":33},"end":{"line":28,"column":null}}}},"branchMap":{"0":{"loc":{"start":{"line":18,"column":4},"end":{"line":20,"column":null}},"type":"if","locations":[{"start":{"line":18,"column":4},"end":{"line":20,"column":null}},{"start":{},"end":{}}]},"1":{"loc":{"start":{"line":25,"column":4},"end":{"line":27,"column":null}},"type":"if","locations":[{"start":{"line":25,"column":4},"end":{"line":27,"column":null}},{"start":{},"end":{}}]}},"s":{"0":3,"1":27,"2":4,"3":4,"4":4,"5":27,"6":4,"7":4,"8":4},"f":{"0":27,"1":4,"2":4},"b":{"0":[4,0],"1":[4,0]}}
,"/Users/khaichan/Desktop/Work/Wolt-task/src/components/ui/Inputs/VenueSlugInput.tsx": {"path":"/Users/khaichan/Desktop/Work/Wolt-task/src/components/ui/Inputs/VenueSlugInput.tsx","statementMap":{"0":{"start":{"line":10,"column":54},"end":{"line":133,"column":null}},"1":{"start":{"line":16,"column":38},"end":{"line":16,"column":null}},"2":{"start":{"line":17,"column":25},"end":{"line":17,"column":49}},"3":{"start":{"line":18,"column":26},"end":{"line":18,"column":63}},"4":{"start":{"line":19,"column":28},"end":{"line":19,"column":65}},"5":{"start":{"line":21,"column":28},"end":{"line":40,"column":null}},"6":{"start":{"line":22,"column":18},"end":{"line":22,"column":32}},"7":{"start":{"line":23,"column":4},"end":{"line":23,"column":null}},"8":{"start":{"line":26,"column":4},"end":{"line":26,"column":null}},"9":{"start":{"line":26,"column":20},"end":{"line":26,"column":null}},"10":{"start":{"line":29,"column":4},"end":{"line":31,"column":null}},"11":{"start":{"line":30,"column":6},"end":{"line":30,"column":null}},"12":{"start":{"line":34,"column":4},"end":{"line":39,"column":14}},"13":{"start":{"line":35,"column":6},"end":{"line":35,"column":null}},"14":{"start":{"line":36,"column":6},"end":{"line":38,"column":null}},"15":{"start":{"line":37,"column":8},"end":{"line":37,"column":null}},"16":{"start":{"line":42,"column":21},"end":{"line":53,"column":null}},"17":{"start":{"line":43,"column":4},"end":{"line":43,"column":36}},"18":{"start":{"line":44,"column":4},"end":{"line":47,"column":null}},"19":{"start":{"line":45,"column":6},"end":{"line":45,"column":null}},"20":{"start":{"line":46,"column":6},"end":{"line":46,"column":null}},"21":{"start":{"line":49,"column":20},"end":{"line":49,"column":null}},"22":{"start":{"line":50,"column":4},"end":{"line":52,"column":null}},"23":{"start":{"line":51,"column":6},"end":{"line":51,"column":null}},"24":{"start":{"line":55,"column":22},"end":{"line":57,"column":null}},"25":{"start":{"line":56,"column":4},"end":{"line":56,"column":null}},"26":{"start":{"line":59,"column":2},"end":{"line":74,"column":null}},"27":{"start":{"line":60,"column":4},"end":{"line":60,"column":null}},"28":{"start":{"line":60,"column":54},"end":{"line":60,"column":null}},"29":{"start":{"line":62,"column":4},"end":{"line":67,"column":13}},"30":{"start":{"line":63,"column":22},"end":{"line":63,"column":null}},"31":{"start":{"line":64,"column":6},"end":{"line":66,"column":null}},"32":{"start":{"line":65,"column":8},"end":{"line":65,"column":null}},"33":{"start":{"line":69,"column":4},"end":{"line":73,"column":null}},"34":{"start":{"line":70,"column":6},"end":{"line":72,"column":null}},"35":{"start":{"line":71,"column":8},"end":{"line":71,"column":null}},"36":{"start":{"line":77,"column":2},"end":{"line":86,"column":null}},"37":{"start":{"line":78,"column":4},"end":{"line":85,"column":null}},"38":{"start":{"line":79,"column":6},"end":{"line":81,"column":null}},"39":{"start":{"line":80,"column":8},"end":{"line":80,"column":null}},"40":{"start":{"line":82,"column":6},"end":{"line":84,"column":null}},"41":{"start":{"line":83,"column":8},"end":{"line":83,"column":null}}},"fnMap":{"0":{"name":"(anonymous_0)","decl":{"start":{"line":10,"column":54},"end":{"line":10,"column":55}},"loc":{"start":{"line":15,"column":1},"end":{"line":133,"column":null}}},"1":{"name":"(anonymous_1)","decl":{"start":{"line":21,"column":28},"end":{"line":21,"column":29}},"loc":{"start":{"line":21,"column":29},"end":{"line":40,"column":null}}},"2":{"name":"(anonymous_2)","decl":{"start":{"line":34,"column":43},"end":{"line":34,"column":null}},"loc":{"start":{"line":34,"column":43},"end":{"line":39,"column":7}}},"3":{"name":"(anonymous_3)","decl":{"start":{"line":42,"column":21},"end":{"line":42,"column":null}},"loc":{"start":{"line":42,"column":21},"end":{"line":53,"column":null}}},"4":{"name":"(anonymous_4)","decl":{"start":{"line":55,"column":22},"end":{"line":55,"column":null}},"loc":{"start":{"line":55,"column":22},"end":{"line":57,"column":null}}},"5":{"name":"(anonymous_5)","decl":{"start":{"line":59,"column":12},"end":{"line":59,"column":null}},"loc":{"start":{"line":59,"column":12},"end":{"line":74,"column":5}}},"6":{"name":"(anonymous_6)","decl":{"start":{"line":62,"column":41},"end":{"line":62,"column":null}},"loc":{"start":{"line":62,"column":41},"end":{"line":67,"column":7}}},"7":{"name":"(anonymous_7)","decl":{"start":{"line":69,"column":11},"end":{"line":69,"column":null}},"loc":{"start":{"line":69,"column":11},"end":{"line":73,"column":null}}},"8":{"name":"(anonymous_8)","decl":{"start":{"line":77,"column":12},"end":{"line":77,"column":null}},"loc":{"start":{"line":77,"column":12},"end":{"line":86,"column":5}}},"9":{"name":"(anonymous_9)","decl":{"start":{"line":78,"column":11},"end":{"line":78,"column":null}},"loc":{"start":{"line":78,"column":11},"end":{"line":85,"column":null}}}},"branchMap":{"0":{"loc":{"start":{"line":26,"column":4},"end":{"line":26,"column":null}},"type":"if","locations":[{"start":{"line":26,"column":4},"end":{"line":26,"column":null}},{"start":{},"end":{}}]},"1":{"loc":{"start":{"line":29,"column":4},"end":{"line":31,"column":null}},"type":"if","locations":[{"start":{"line":29,"column":4},"end":{"line":31,"column":null}},{"start":{},"end":{}}]},"2":{"loc":{"start":{"line":36,"column":6},"end":{"line":38,"column":null}},"type":"if","locations":[{"start":{"line":36,"column":6},"end":{"line":38,"column":null}},{"start":{},"end":{}}]},"3":{"loc":{"start":{"line":44,"column":4},"end":{"line":47,"column":null}},"type":"if","locations":[{"start":{"line":44,"column":4},"end":{"line":47,"column":null}},{"start":{},"end":{}}]},"4":{"loc":{"start":{"line":50,"column":4},"end":{"line":52,"column":null}},"type":"if","locations":[{"start":{"line":50,"column":4},"end":{"line":52,"column":null}},{"start":{},"end":{}}]},"5":{"loc":{"start":{"line":60,"column":4},"end":{"line":60,"column":null}},"type":"if","locations":[{"start":{"line":60,"column":4},"end":{"line":60,"column":null}},{"start":{},"end":{}}]},"6":{"loc":{"start":{"line":60,"column":8},"end":{"line":60,"column":52}},"type":"binary-expr","locations":[{"start":{"line":60,"column":8},"end":{"line":60,"column":29}},{"start":{"line":60,"column":29},"end":{"line":60,"column":52}}]},"7":{"loc":{"start":{"line":64,"column":6},"end":{"line":66,"column":null}},"type":"if","locations":[{"start":{"line":64,"column":6},"end":{"line":66,"column":null}},{"start":{},"end":{}}]},"8":{"loc":{"start":{"line":70,"column":6},"end":{"line":72,"column":null}},"type":"if","locations":[{"start":{"line":70,"column":6},"end":{"line":72,"column":null}},{"start":{},"end":{}}]},"9":{"loc":{"start":{"line":79,"column":6},"end":{"line":81,"column":null}},"type":"if","locations":[{"start":{"line":79,"column":6},"end":{"line":81,"column":null}},{"start":{},"end":{}}]},"10":{"loc":{"start":{"line":82,"column":6},"end":{"line":84,"column":null}},"type":"if","locations":[{"start":{"line":82,"column":6},"end":{"line":84,"column":null}},{"start":{},"end":{}}]},"11":{"loc":{"start":{"line":112,"column":16},"end":{"line":114,"column":null}},"type":"cond-expr","locations":[{"start":{"line":113,"column":20},"end":{"line":113,"column":null}},{"start":{"line":114,"column":20},"end":{"line":114,"column":null}}]},"12":{"loc":{"start":{"line":125,"column":19},"end":{"line":125,"column":null}},"type":"cond-expr","locations":[{"start":{"line":125,"column":41},"end":{"line":125,"column":49}},{"start":{"line":125,"column":49},"end":{"line":125,"column":null}}]},"13":{"loc":{"start":{"line":125,"column":19},"end":{"line":125,"column":41}},"type":"binary-expr","locations":[{"start":{"line":125,"column":19},"end":{"line":125,"column":33}},{"start":{"line":125,"column":33},"end":{"line":125,"column":41}}]},"14":{"loc":{"start":{"line":128,"column":11},"end":{"line":128,"column":null}},"type":"binary-expr","locations":[{"start":{"line":128,"column":11},"end":{"line":128,"column":25}},{"start":{"line":128,"column":25},"end":{"line":128,"column":34}},{"start":{"line":128,"column":34},"end":{"line":128,"column":null}}]}},"s":{"0":3,"1":27,"2":27,"3":27,"4":27,"5":27,"6":4,"7":4,"8":4,"9":0,"10":4,"11":0,"12":4,"13":0,"14":0,"15":0,"16":27,"17":0,"18":0,"19":0,"20":0,"21":0,"22":0,"23":0,"24":27,"25":0,"26":27,"27":11,"28":11,"29":0,"30":0,"31":0,"32":0,"33":0,"34":0,"35":0,"36":27,"37":7,"38":7,"39":0,"40":7,"41":4},"f":{"0":27,"1":4,"2":0,"3":0,"4":0,"5":11,"6":0,"7":0,"8":7,"9":7},"b":{"0":[0,4],"1":[0,4],"2":[0,0],"3":[0,0],"4":[0,0],"5":[11,0],"6":[11,4],"7":[0,0],"8":[0,0],"9":[0,7],"10":[4,3],"11":[20,7],"12":[0,27],"13":[27,27],"14":[27,27,27]}}
,"/Users/khaichan/Desktop/Work/Wolt-task/src/hooks/useCurrentLocation.ts": {"path":"/Users/khaichan/Desktop/Work/Wolt-task/src/hooks/useCurrentLocation.ts","statementMap":{"0":{"start":{"line":14,"column":34},"end":{"line":52,"column":2}},"1":{"start":{"line":21,"column":6},"end":{"line":26,"column":null}},"2":{"start":{"line":28,"column":16},"end":{"line":42,"column":null}},"3":{"start":{"line":29,"column":4},"end":{"line":40,"column":null}},"4":{"start":{"line":30,"column":6},"end":{"line":39,"column":null}},"5":{"start":{"line":32,"column":10},"end":{"line":32,"column":null}},"6":{"start":{"line":34,"column":10},"end":{"line":34,"column":null}},"7":{"start":{"line":36,"column":10},"end":{"line":36,"column":null}},"8":{"start":{"line":38,"column":10},"end":{"line":38,"column":null}},"9":{"start":{"line":41,"column":4},"end":{"line":41,"column":null}},"10":{"start":{"line":44,"column":2},"end":{"line":51,"column":null}}},"fnMap":{"0":{"name":"(anonymous_0)","decl":{"start":{"line":14,"column":34},"end":{"line":14,"column":null}},"loc":{"start":{"line":14,"column":34},"end":{"line":52,"column":2}}},"1":{"name":"(anonymous_1)","decl":{"start":{"line":28,"column":30},"end":{"line":28,"column":null}},"loc":{"start":{"line":28,"column":30},"end":{"line":42,"column":5}}}},"branchMap":{"0":{"loc":{"start":{"line":29,"column":4},"end":{"line":40,"column":null}},"type":"if","locations":[{"start":{"line":29,"column":4},"end":{"line":40,"column":null}},{"start":{},"end":{}}]},"1":{"loc":{"start":{"line":30,"column":6},"end":{"line":39,"column":null}},"type":"switch","locations":[{"start":{"line":31,"column":8},"end":{"line":32,"column":null}},{"start":{"line":33,"column":8},"end":{"line":34,"column":null}},{"start":{"line":35,"column":8},"end":{"line":36,"column":null}},{"start":{"line":37,"column":8},"end":{"line":38,"column":null}}]},"2":{"loc":{"start":{"line":45,"column":14},"end":{"line":45,"column":null}},"type":"binary-expr","locations":[{"start":{"line":45,"column":14},"end":{"line":45,"column":34}},{"start":{"line":45,"column":34},"end":{"line":45,"column":null}}]},"3":{"loc":{"start":{"line":46,"column":15},"end":{"line":46,"column":null}},"type":"binary-expr","locations":[{"start":{"line":46,"column":15},"end":{"line":46,"column":36}},{"start":{"line":46,"column":36},"end":{"line":46,"column":null}}]}},"s":{"0":1,"1":7,"2":7,"3":7,"4":4,"5":1,"6":1,"7":1,"8":1,"9":3,"10":7},"f":{"0":7,"1":7},"b":{"0":[4,3],"1":[1,1,1,1],"2":[7,6],"3":[7,6]}}
,"/Users/khaichan/Desktop/Work/Wolt-task/src/hooks/useVenueData.ts": {"path":"/Users/khaichan/Desktop/Work/Wolt-task/src/hooks/useVenueData.ts","statementMap":{"0":{"start":{"line":5,"column":28},"end":{"line":40,"column":2}},"1":{"start":{"line":6,"column":36},"end":{"line":6,"column":null}},"2":{"start":{"line":7,"column":28},"end":{"line":7,"column":null}},"3":{"start":{"line":9,"column":25},"end":{"line":37,"column":null}},"4":{"start":{"line":10,"column":4},"end":{"line":36,"column":null}},"5":{"start":{"line":11,"column":6},"end":{"line":11,"column":null}},"6":{"start":{"line":12,"column":25},"end":{"line":12,"column":null}},"7":{"start":{"line":13,"column":6},"end":{"line":13,"column":null}},"8":{"start":{"line":15,"column":6},"end":{"line":15,"column":null}},"9":{"start":{"line":16,"column":26},"end":{"line":16,"column":null}},"10":{"start":{"line":17,"column":6},"end":{"line":17,"column":null}},"11":{"start":{"line":19,"column":35},"end":{"line":26,"column":null}},"12":{"start":{"line":28,"column":6},"end":{"line":28,"column":null}},"13":{"start":{"line":29,"column":6},"end":{"line":29,"column":null}},"14":{"start":{"line":30,"column":6},"end":{"line":30,"column":19}},"15":{"start":{"line":32,"column":6},"end":{"line":32,"column":null}},"16":{"start":{"line":33,"column":6},"end":{"line":33,"column":null}},"17":{"start":{"line":34,"column":6},"end":{"line":34,"column":null}},"18":{"start":{"line":35,"column":6},"end":{"line":35,"column":20}},"19":{"start":{"line":39,"column":2},"end":{"line":39,"column":null}}},"fnMap":{"0":{"name":"(anonymous_0)","decl":{"start":{"line":5,"column":28},"end":{"line":5,"column":null}},"loc":{"start":{"line":5,"column":28},"end":{"line":40,"column":2}}},"1":{"name":"(anonymous_1)","decl":{"start":{"line":9,"column":25},"end":{"line":9,"column":32}},"loc":{"start":{"line":9,"column":32},"end":{"line":37,"column":null}}}},"branchMap":{},"s":{"0":2,"1":9,"2":9,"3":9,"4":3,"5":3,"6":3,"7":2,"8":2,"9":2,"10":2,"11":2,"12":2,"13":2,"14":2,"15":1,"16":1,"17":1,"18":1,"19":9},"f":{"0":9,"1":3},"b":{}}
,"/Users/khaichan/Desktop/Work/Wolt-task/src/utils/api.ts": {"path":"/Users/khaichan/Desktop/Work/Wolt-task/src/utils/api.ts","statementMap":{"0":{"start":{"line":3,"column":17},"end":{"line":3,"column":null}},"1":{"start":{"line":5,"column":32},"end":{"line":13,"column":2}},"2":{"start":{"line":6,"column":2},"end":{"line":12,"column":null}},"3":{"start":{"line":7,"column":21},"end":{"line":7,"column":null}},"4":{"start":{"line":8,"column":4},"end":{"line":8,"column":null}},"5":{"start":{"line":10,"column":4},"end":{"line":10,"column":null}},"6":{"start":{"line":11,"column":4},"end":{"line":11,"column":null}},"7":{"start":{"line":15,"column":33},"end":{"line":23,"column":2}},"8":{"start":{"line":16,"column":2},"end":{"line":22,"column":null}},"9":{"start":{"line":17,"column":21},"end":{"line":17,"column":null}},"10":{"start":{"line":18,"column":4},"end":{"line":18,"column":null}},"11":{"start":{"line":20,"column":4},"end":{"line":20,"column":null}},"12":{"start":{"line":21,"column":4},"end":{"line":21,"column":null}}},"fnMap":{"0":{"name":"(anonymous_0)","decl":{"start":{"line":5,"column":32},"end":{"line":5,"column":39}},"loc":{"start":{"line":5,"column":39},"end":{"line":13,"column":2}}},"1":{"name":"(anonymous_1)","decl":{"start":{"line":15,"column":33},"end":{"line":15,"column":40}},"loc":{"start":{"line":15,"column":40},"end":{"line":23,"column":2}}}},"branchMap":{},"s":{"0":2,"1":2,"2":2,"3":2,"4":1,"5":1,"6":1,"7":2,"8":2,"9":2,"10":1,"11":1,"12":1},"f":{"0":2,"1":2},"b":{}}
,"/Users/khaichan/Desktop/Work/Wolt-task/src/utils/calculation.ts": {"path":"/Users/khaichan/Desktop/Work/Wolt-task/src/utils/calculation.ts","statementMap":{"0":{"start":{"line":3,"column":33},"end":{"line":23,"column":2}},"1":{"start":{"line":10,"column":20},"end":{"line":10,"column":null}},"2":{"start":{"line":10,"column":41},"end":{"line":10,"column":null}},"3":{"start":{"line":11,"column":30},"end":{"line":11,"column":null}},"4":{"start":{"line":13,"column":18},"end":{"line":13,"column":null}},"5":{"start":{"line":14,"column":18},"end":{"line":14,"column":null}},"6":{"start":{"line":15,"column":19},"end":{"line":15,"column":null}},"7":{"start":{"line":16,"column":19},"end":{"line":16,"column":null}},"8":{"start":{"line":18,"column":4},"end":{"line":19,"column":null}},"9":{"start":{"line":21,"column":12},"end":{"line":21,"column":null}},"10":{"start":{"line":22,"column":2},"end":{"line":22,"column":null}},"11":{"start":{"line":25,"column":36},"end":{"line":40,"column":2}},"12":{"start":{"line":30,"column":2},"end":{"line":38,"column":null}},"13":{"start":{"line":31,"column":31},"end":{"line":31,"column":null}},"14":{"start":{"line":32,"column":4},"end":{"line":37,"column":null}},"15":{"start":{"line":33,"column":6},"end":{"line":35,"column":null}},"16":{"start":{"line":34,"column":8},"end":{"line":34,"column":null}},"17":{"start":{"line":36,"column":6},"end":{"line":36,"column":null}},"18":{"start":{"line":39,"column":2},"end":{"line":39,"column":null}}},"fnMap":{"0":{"name":"(anonymous_0)","decl":{"start":{"line":3,"column":33},"end":{"line":3,"column":null}},"loc":{"start":{"line":7,"column":2},"end":{"line":23,"column":2}}},"1":{"name":"(anonymous_1)","decl":{"start":{"line":10,"column":20},"end":{"line":10,"column":21}},"loc":{"start":{"line":10,"column":41},"end":{"line":10,"column":null}}},"2":{"name":"(anonymous_2)","decl":{"start":{"line":25,"column":36},"end":{"line":25,"column":null}},"loc":{"start":{"line":28,"column":2},"end":{"line":40,"column":2}}}},"branchMap":{"0":{"loc":{"start":{"line":32,"column":4},"end":{"line":37,"column":null}},"type":"if","locations":[{"start":{"line":32,"column":4},"end":{"line":37,"column":null}},{"start":{},"end":{}}]},"1":{"loc":{"start":{"line":32,"column":8},"end":{"line":32,"column":58}},"type":"binary-expr","locations":[{"start":{"line":32,"column":8},"end":{"line":32,"column":28}},{"start":{"line":32,"column":28},"end":{"line":32,"column":41}},{"start":{"line":32,"column":41},"end":{"line":32,"column":54}}]},"2":{"loc":{"start":{"line":33,"column":6},"end":{"line":35,"column":null}},"type":"if","locations":[{"start":{"line":33,"column":6},"end":{"line":35,"column":null}},{"start":{},"end":{}}]}},"s":{"0":3,"1":2,"2":8,"3":2,"4":2,"5":2,"6":2,"7":2,"8":2,"9":2,"10":2,"11":3,"12":4,"13":6,"14":6,"15":3,"16":1,"17":2,"18":1},"f":{"0":2,"1":8,"2":4},"b":{"0":[3,3],"1":[6,6,5],"2":[1,2]}}
}
