TN:
SF:src/App.tsx
FN:8,(anonymous_0)
FN:11,(anonymous_1)
FN:18,(anonymous_2)
FNF:3
FNH:2
FNDA:5,(anonymous_0)
FNDA:0,(anonymous_1)
FNDA:5,(anonymous_2)
DA:8,1
DA:9,5
DA:11,4
DA:12,0
DA:15,4
DA:18,1
DA:19,5
LF:7
LH:6
BRF:0
BRH:0
end_of_record
TN:
SF:src/components/Calculator.tsx
FN:16,(anonymous_0)
FN:27,(anonymous_1)
FN:33,(anonymous_2)
FN:96,(anonymous_3)
FN:127,(anonymous_4)
FNF:5
FNH:3
FNDA:28,(anonymous_0)
FNDA:0,(anonymous_1)
FNDA:4,(anonymous_2)
FNDA:10,(anonymous_3)
FNDA:0,(anonymous_4)
DA:16,2
DA:17,28
DA:18,28
DA:19,28
DA:20,28
DA:21,28
DA:22,28
DA:24,28
DA:25,28
DA:27,28
DA:28,0
DA:29,0
DA:30,0
DA:33,28
DA:34,4
DA:36,4
DA:37,0
DA:38,0
DA:41,4
DA:42,4
DA:43,4
DA:44,0
DA:45,0
DA:48,4
DA:51,4
DA:52,1
DA:53,1
DA:56,3
DA:62,2
DA:64,2
DA:70,2
DA:71,2
DA:76,2
DA:78,2
DA:85,2
DA:87,2
DA:89,1
DA:90,1
DA:91,1
DA:96,28
DA:97,10
DA:98,2
DA:102,28
DA:127,0
LF:44
LH:36
BRDA:36,0,0,0
BRDA:36,0,1,4
BRDA:36,1,0,4
BRDA:36,1,1,4
BRDA:36,1,2,4
BRDA:36,1,3,4
BRDA:43,2,0,0
BRDA:43,2,1,4
BRDA:43,3,0,4
BRDA:43,3,1,4
BRDA:51,4,0,1
BRDA:51,4,1,3
BRDA:97,5,0,2
BRDA:97,5,1,8
BRDA:97,6,0,10
BRDA:97,6,1,2
BRDA:102,7,0,28
BRDA:102,7,1,20
BRDA:102,7,2,12
BRDA:102,7,3,8
BRDA:137,8,0,28
BRF:21
BRH:19
end_of_record
TN:
SF:src/components/ui/Footer.tsx
FN:7,(anonymous_0)
FNF:1
FNH:1
FNDA:4,(anonymous_0)
DA:4,1
DA:5,1
DA:7,1
LF:3
LH:3
BRF:0
BRH:0
end_of_record
TN:
SF:src/components/ui/PriceBreakdown.tsx
FN:8,(anonymous_0)
FNF:1
FNH:1
FNDA:2,(anonymous_0)
DA:8,2
DA:15,2
DA:18,2
DA:19,2
DA:20,2
DA:21,2
LF:6
LH:6
BRF:0
BRH:0
end_of_record
TN:
SF:src/components/ui/SushiLottie.tsx
FN:10,(anonymous_0)
FN:13,(anonymous_1)
FN:14,(anonymous_2)
FNF:3
FNH:0
FNDA:0,(anonymous_0)
FNDA:0,(anonymous_1)
FNDA:0,(anonymous_2)
DA:10,0
DA:11,0
DA:13,0
DA:15,0
DA:17,0
DA:42,0
LF:6
LH:0
BRDA:15,0,0,0
BRDA:15,0,1,0
BRF:2
BRH:0
end_of_record
TN:
SF:src/components/ui/Title.tsx
FN:3,(anonymous_0)
FNF:1
FNH:1
FNDA:4,(anonymous_0)
DA:3,1
LF:1
LH:1
BRF:0
BRH:0
end_of_record
TN:
SF:src/components/ui/Buttons/CalculateButton.tsx
FN:9,(anonymous_0)
FNF:1
FNH:1
FNDA:31,(anonymous_0)
DA:9,3
LF:1
LH:1
BRDA:21,0,0,21
BRDA:21,0,1,10
BRDA:31,1,0,2
BRDA:31,1,1,29
BRDA:34,2,0,31
BRDA:34,2,1,29
BRF:6
BRH:6
end_of_record
TN:
SF:src/components/ui/Buttons/GetLocationButton.tsx
FN:8,(anonymous_0)
FN:12,(anonymous_1)
FN:20,(anonymous_2)
FN:24,(anonymous_3)
FNF:4
FNH:4
FNDA:32,(anonymous_0)
FNDA:3,(anonymous_1)
FNDA:1,(anonymous_2)
FNDA:1,(anonymous_3)
DA:8,3
DA:12,32
DA:13,3
DA:14,1
DA:15,1
DA:21,1
DA:22,1
DA:25,1
DA:26,1
DA:28,1
DA:29,1
DA:31,0
DA:32,0
DA:34,0
DA:35,0
DA:37,0
DA:39,1
LF:17
LH:12
BRDA:13,0,0,1
BRDA:13,0,1,2
BRDA:26,1,0,1
BRDA:26,1,1,0
BRDA:26,1,2,0
BRDA:26,1,3,0
BRF:6
BRH:3
end_of_record
TN:
SF:src/components/ui/Inputs/CartValueInput.tsx
FN:9,(anonymous_0)
FN:17,(anonymous_1)
FN:29,(anonymous_2)
FNF:3
FNH:3
FNDA:38,(anonymous_0)
FNDA:9,(anonymous_1)
FNDA:4,(anonymous_2)
DA:9,3
DA:14,38
DA:17,38
DA:18,9
DA:19,9
DA:20,8
DA:22,8
DA:23,1
DA:29,38
DA:30,4
DA:31,3
DA:32,1
DA:33,1
LF:13
LH:13
BRDA:19,0,0,8
BRDA:19,0,1,1
BRDA:22,1,0,1
BRDA:22,1,1,7
BRDA:30,2,0,3
BRDA:30,2,1,1
BRDA:32,3,0,1
BRDA:32,3,1,0
BRDA:64,4,0,3
BRDA:64,4,1,35
BRDA:67,5,0,38
BRDA:67,5,1,35
BRF:12
BRH:11
end_of_record
TN:
SF:src/components/ui/Inputs/GetLocationInput.tsx
FN:10,(anonymous_0)
FN:16,(anonymous_1)
FN:24,(anonymous_2)
FNF:3
FNH:3
FNDA:32,(anonymous_0)
FNDA:7,(anonymous_1)
FNDA:7,(anonymous_2)
DA:10,3
DA:16,32
DA:17,7
DA:19,7
DA:20,6
DA:24,32
DA:25,7
DA:27,7
DA:28,6
LF:9
LH:9
BRDA:19,0,0,6
BRDA:19,0,1,1
BRDA:27,1,0,6
BRDA:27,1,1,1
BRF:4
BRH:4
end_of_record
TN:
SF:src/components/ui/Inputs/VenueSlugInput.tsx
FN:10,(anonymous_0)
FN:21,(anonymous_1)
FN:32,(anonymous_2)
FN:43,(anonymous_3)
FN:58,(anonymous_4)
FN:63,(anonymous_5)
FN:64,(anonymous_6)
FNF:7
FNH:6
FNDA:34,(anonymous_0)
FNDA:5,(anonymous_1)
FNDA:1,(anonymous_2)
FNDA:2,(anonymous_3)
FNDA:0,(anonymous_4)
FNDA:13,(anonymous_5)
FNDA:13,(anonymous_6)
DA:10,4
DA:16,34
DA:17,34
DA:18,34
DA:21,34
DA:22,5
DA:23,5
DA:25,5
DA:28,5
DA:29,0
DA:32,5
DA:33,1
DA:34,0
DA:35,0
DA:36,0
DA:43,34
DA:44,2
DA:45,2
DA:46,0
DA:47,0
DA:51,2
DA:52,2
DA:53,1
DA:58,34
DA:59,0
DA:63,34
DA:64,13
DA:65,13
DA:66,5
LF:29
LH:22
BRDA:25,0,0,0
BRDA:25,0,1,5
BRDA:28,1,0,0
BRDA:28,1,1,5
BRDA:33,2,0,0
BRDA:33,2,1,1
BRDA:33,3,0,1
BRDA:33,3,1,1
BRDA:35,4,0,0
BRDA:35,4,1,0
BRDA:45,5,0,0
BRDA:45,5,1,2
BRDA:52,6,0,1
BRDA:52,6,1,1
BRDA:65,7,0,5
BRDA:65,7,1,8
BRDA:96,8,0,24
BRDA:96,8,1,10
BRDA:109,9,0,2
BRDA:109,9,1,32
BRDA:109,10,0,34
BRDA:109,10,1,33
BRDA:112,11,0,34
BRDA:112,11,1,33
BRDA:112,11,2,32
BRF:25
BRH:19
end_of_record
TN:
SF:src/hooks/useCurrentLocation.ts
FN:14,(anonymous_0)
FN:29,(anonymous_1)
FNF:2
FNH:2
FNDA:7,(anonymous_0)
FNDA:7,(anonymous_1)
DA:14,1
DA:21,7
DA:29,7
DA:30,7
DA:31,4
DA:33,1
DA:35,1
DA:37,1
DA:39,1
DA:42,3
DA:45,7
LF:11
LH:11
BRDA:30,0,0,4
BRDA:30,0,1,3
BRDA:31,1,0,1
BRDA:31,1,1,1
BRDA:31,1,2,1
BRDA:31,1,3,1
BRDA:46,2,0,7
BRDA:46,2,1,6
BRDA:47,3,0,7
BRDA:47,3,1,6
BRF:10
BRH:10
end_of_record
TN:
SF:src/hooks/useVenueData.ts
FN:5,(anonymous_0)
FN:10,(anonymous_1)
FNF:2
FNH:2
FNDA:10,(anonymous_0)
FNDA:3,(anonymous_1)
DA:5,2
DA:6,10
DA:7,10
DA:10,10
DA:11,3
DA:12,3
DA:13,3
DA:14,2
DA:16,2
DA:17,2
DA:18,2
DA:21,2
DA:31,2
DA:32,2
DA:33,2
DA:35,1
DA:36,1
DA:37,1
DA:38,1
DA:42,10
LF:20
LH:20
BRF:0
BRH:0
end_of_record
TN:
SF:src/test/App.test.tsx
FN:5,(anonymous_0)
FN:10,(anonymous_2)
FN:11,(anonymous_3)
FN:16,(anonymous_4)
FN:22,(anonymous_5)
FN:27,(anonymous_6)
FN:36,(anonymous_7)
FNF:7
FNH:7
FNDA:1,(anonymous_0)
FNDA:1,(anonymous_2)
FNDA:4,(anonymous_3)
FNDA:1,(anonymous_4)
FNDA:1,(anonymous_5)
FNDA:1,(anonymous_6)
FNDA:1,(anonymous_7)
DA:5,1
DA:10,1
DA:11,1
DA:16,1
DA:17,1
DA:18,1
DA:19,1
DA:22,1
DA:23,1
DA:24,1
DA:27,1
DA:28,1
DA:29,1
DA:31,1
DA:32,1
DA:33,1
DA:36,1
DA:37,1
DA:38,1
LF:19
LH:19
BRF:0
BRH:0
end_of_record
TN:
SF:src/test/components/Calculator.test.tsx
FN:7,(anonymous_0)
FN:11,(anonymous_1)
FN:12,(anonymous_2)
FN:34,(anonymous_3)
FN:48,(anonymous_4)
FN:51,(anonymous_5)
FN:73,fillFormAndSubmit
FN:111,assertPriceBreakdown
FN:140,(anonymous_8)
FN:148,(anonymous_9)
FN:162,(anonymous_10)
FN:170,(anonymous_11)
FN:184,(anonymous_12)
FN:198,(anonymous_13)
FN:207,(anonymous_14)
FN:215,(anonymous_15)
FNF:16
FNH:16
FNDA:1,(anonymous_0)
FNDA:1,(anonymous_1)
FNDA:3,(anonymous_2)
FNDA:2,(anonymous_3)
FNDA:1,(anonymous_4)
FNDA:4,(anonymous_5)
FNDA:4,fillFormAndSubmit
FNDA:2,assertPriceBreakdown
FNDA:1,(anonymous_8)
FNDA:1,(anonymous_9)
FNDA:1,(anonymous_10)
FNDA:1,(anonymous_11)
FNDA:1,(anonymous_12)
FNDA:1,(anonymous_13)
FNDA:1,(anonymous_14)
FNDA:1,(anonymous_15)
DA:7,1
DA:11,1
DA:13,3
DA:19,1
DA:21,2
DA:27,1
DA:29,1
DA:30,1
DA:32,0
DA:35,2
DA:36,1
DA:38,1
DA:39,1
DA:41,0
DA:46,1
DA:48,1
DA:51,1
DA:52,4
DA:54,4
DA:70,4
DA:86,4
DA:87,4
DA:91,4
DA:92,4
DA:96,4
DA:97,4
DA:101,4
DA:102,4
DA:108,4
DA:124,2
DA:125,2
DA:127,2
DA:128,2
DA:130,2
DA:131,2
DA:133,2
DA:134,2
DA:136,2
DA:137,2
DA:140,1
DA:141,1
DA:148,1
DA:149,1
DA:152,1
DA:159,1
DA:162,1
DA:163,1
DA:170,1
DA:171,1
DA:174,1
DA:181,1
DA:184,1
DA:185,1
DA:191,1
DA:198,1
DA:199,1
DA:204,1
DA:207,1
DA:208,1
DA:215,1
DA:216,1
DA:221,1
LF:62
LH:60
BRDA:13,0,0,1
BRDA:13,0,1,2
BRDA:14,1,0,3
BRDA:14,1,1,1
BRDA:14,1,2,1
BRDA:14,1,3,1
BRDA:21,2,0,1
BRDA:21,2,1,1
BRDA:22,3,0,2
BRDA:22,3,1,1
BRDA:22,3,2,1
BRDA:22,3,3,1
BRDA:29,4,0,1
BRDA:29,4,1,0
BRDA:35,5,0,1
BRDA:35,5,1,1
BRDA:38,6,0,1
BRDA:38,6,1,0
BRDA:86,7,0,4
BRDA:86,7,1,0
BRDA:91,8,0,4
BRDA:91,8,1,0
BRDA:96,9,0,4
BRDA:96,9,1,0
BRDA:101,10,0,4
BRDA:101,10,1,0
BRF:26
BRH:20
end_of_record
TN:
SF:src/test/components/Buttons/CalculateButton.test.tsx
FN:5,(anonymous_0)
FN:6,(anonymous_1)
FN:13,(anonymous_2)
FN:23,(anonymous_3)
FNF:4
FNH:4
FNDA:1,(anonymous_0)
FNDA:1,(anonymous_1)
FNDA:1,(anonymous_2)
FNDA:1,(anonymous_3)
DA:5,1
DA:6,1
DA:8,1
DA:9,1
DA:10,1
DA:13,1
DA:14,1
DA:17,1
DA:18,1
DA:20,1
DA:23,1
DA:24,1
DA:27,1
DA:28,1
DA:30,1
LF:15
LH:15
BRF:0
BRH:0
end_of_record
TN:
SF:src/test/components/Buttons/GetLocationButton.test.tsx
FN:5,(anonymous_0)
FN:6,(anonymous_1)
FN:13,(anonymous_2)
FN:23,(anonymous_3)
FN:26,(anonymous_4)
FN:35,(anonymous_5)
FN:38,(anonymous_6)
FNF:7
FNH:7
FNDA:1,(anonymous_0)
FNDA:1,(anonymous_1)
FNDA:1,(anonymous_2)
FNDA:1,(anonymous_3)
FNDA:1,(anonymous_4)
FNDA:1,(anonymous_5)
FNDA:1,(anonymous_6)
DA:5,1
DA:6,1
DA:8,1
DA:9,1
DA:10,1
DA:13,1
DA:14,1
DA:15,1
DA:17,1
DA:18,1
DA:23,1
DA:24,1
DA:25,1
DA:27,1
DA:31,1
DA:32,1
DA:35,1
DA:36,1
DA:37,1
DA:39,1
DA:43,1
DA:44,1
LF:22
LH:22
BRF:0
BRH:0
end_of_record
TN:
SF:src/test/components/Inputs/CartValueInput.test.tsx
FN:6,(anonymous_0)
FN:7,(anonymous_1)
FN:15,(anonymous_2)
FN:39,(anonymous_3)
FN:51,(anonymous_4)
FN:68,(anonymous_5)
FN:84,(anonymous_6)
FNF:7
FNH:7
FNDA:1,(anonymous_0)
FNDA:1,(anonymous_1)
FNDA:1,(anonymous_2)
FNDA:1,(anonymous_3)
FNDA:1,(anonymous_4)
FNDA:1,(anonymous_5)
FNDA:1,(anonymous_6)
DA:6,1
DA:7,1
DA:11,1
DA:12,1
DA:15,1
DA:16,1
DA:24,1
DA:26,1
DA:27,1
DA:29,1
DA:30,1
DA:32,1
DA:33,1
DA:35,1
DA:36,1
DA:39,1
DA:44,1
DA:45,1
DA:47,1
DA:48,1
DA:51,1
DA:56,1
DA:58,1
DA:59,1
DA:60,1
DA:62,1
DA:64,1
DA:65,1
DA:68,1
DA:69,1
DA:78,1
DA:79,1
DA:81,1
DA:84,1
DA:85,1
DA:94,1
DA:95,1
DA:97,1
LF:38
LH:38
BRF:0
BRH:0
end_of_record
TN:
SF:src/test/components/Inputs/GetLocationInput.test.tsx
FN:5,(anonymous_0)
FN:6,(anonymous_1)
FN:26,(anonymous_2)
FN:51,(anonymous_3)
FN:77,(anonymous_4)
FNF:5
FNH:5
FNDA:1,(anonymous_0)
FNDA:1,(anonymous_1)
FNDA:1,(anonymous_2)
FNDA:1,(anonymous_3)
FNDA:1,(anonymous_4)
DA:5,1
DA:6,1
DA:7,1
DA:8,1
DA:19,1
DA:20,1
DA:22,1
DA:23,1
DA:26,1
DA:27,1
DA:28,1
DA:39,1
DA:40,1
DA:43,1
DA:44,1
DA:47,1
DA:48,1
DA:51,1
DA:52,1
DA:53,1
DA:64,1
DA:65,1
DA:68,1
DA:70,1
DA:73,1
DA:74,1
DA:77,1
DA:78,1
DA:79,1
DA:90,1
DA:91,1
DA:93,1
DA:94,1
DA:96,1
DA:97,1
LF:35
LH:35
BRF:0
BRH:0
end_of_record
TN:
SF:src/test/components/Inputs/VenueSlugInput.test.tsx
FN:5,(anonymous_0)
FN:9,(anonymous_1)
FN:15,(anonymous_2)
FN:21,(anonymous_3)
FN:37,(anonymous_4)
FN:51,(anonymous_5)
FNF:6
FNH:6
FNDA:1,(anonymous_0)
FNDA:3,(anonymous_1)
FNDA:3,(anonymous_2)
FNDA:1,(anonymous_3)
FNDA:1,(anonymous_4)
FNDA:1,(anonymous_5)
DA:5,1
DA:9,1
DA:10,3
DA:11,3
DA:12,3
DA:15,1
DA:16,3
DA:17,3
DA:18,3
DA:21,1
DA:30,1
DA:31,1
DA:33,1
DA:34,1
DA:37,1
DA:46,1
DA:47,1
DA:48,1
DA:51,1
DA:61,1
LF:20
LH:20
BRF:0
BRH:0
end_of_record
TN:
SF:src/test/components/Inputs/VenueSlugInput2.test.tsx
FN:5,(anonymous_0)
FN:9,(anonymous_1)
FN:10,(anonymous_2)
FN:14,(anonymous_3)
FN:18,(anonymous_4)
FN:25,(anonymous_5)
FN:37,(anonymous_6)
FN:41,(anonymous_7)
FN:48,(anonymous_8)
FNF:9
FNH:7
FNDA:2,(anonymous_0)
FNDA:1,(anonymous_1)
FNDA:2,(anonymous_2)
FNDA:1,(anonymous_3)
FNDA:0,(anonymous_4)
FNDA:1,(anonymous_5)
FNDA:1,(anonymous_6)
FNDA:0,(anonymous_7)
FNDA:1,(anonymous_8)
DA:5,1
DA:6,2
DA:9,1
DA:10,1
DA:11,2
DA:14,1
DA:23,1
DA:25,1
DA:26,1
DA:32,1
DA:37,1
DA:46,1
DA:48,1
DA:49,1
DA:52,1
LF:15
LH:15
BRF:0
BRH:0
end_of_record
TN:
SF:src/test/hooks/useCurrentLocation.test.tsx
FN:6,(anonymous_0)
FN:10,(anonymous_1)
FN:11,(anonymous_2)
FN:16,(anonymous_3)
FN:26,(anonymous_4)
FN:35,(anonymous_5)
FN:45,(anonymous_6)
FN:54,(anonymous_7)
FN:64,(anonymous_8)
FN:73,(anonymous_9)
FN:89,(anonymous_10)
FN:94,(anonymous_11)
FN:110,(anonymous_12)
FN:115,(anonymous_13)
FN:131,(anonymous_14)
FN:136,(anonymous_15)
FN:152,(anonymous_16)
FNF:17
FNH:17
FNDA:1,(anonymous_0)
FNDA:1,(anonymous_1)
FNDA:7,(anonymous_2)
FNDA:1,(anonymous_3)
FNDA:1,(anonymous_4)
FNDA:1,(anonymous_5)
FNDA:1,(anonymous_6)
FNDA:1,(anonymous_7)
FNDA:1,(anonymous_8)
FNDA:1,(anonymous_9)
FNDA:1,(anonymous_10)
FNDA:1,(anonymous_11)
FNDA:1,(anonymous_12)
FNDA:1,(anonymous_13)
FNDA:1,(anonymous_14)
FNDA:1,(anonymous_15)
FNDA:1,(anonymous_16)
DA:6,1
DA:10,1
DA:11,1
DA:13,7
DA:16,1
DA:18,1
DA:26,1
DA:28,1
DA:29,1
DA:30,1
DA:31,1
DA:32,1
DA:35,1
DA:37,1
DA:45,1
DA:47,1
DA:48,1
DA:49,1
DA:50,1
DA:51,1
DA:54,1
DA:56,1
DA:64,1
DA:66,1
DA:67,1
DA:68,1
DA:69,1
DA:70,1
DA:73,1
DA:75,1
DA:81,1
DA:89,1
DA:91,1
DA:94,1
DA:96,1
DA:102,1
DA:110,1
DA:112,1
DA:115,1
DA:117,1
DA:123,1
DA:131,1
DA:133,1
DA:136,1
DA:138,1
DA:144,1
DA:152,1
DA:154,1
LF:48
LH:48
BRF:0
BRH:0
end_of_record
TN:
SF:src/test/hooks/useVenueData.test.tsx
FN:8,(anonymous_0)
FN:13,(anonymous_1)
FN:14,(anonymous_2)
FN:19,(anonymous_3)
FN:50,(anonymous_4)
FN:53,(anonymous_5)
FN:58,(anonymous_6)
FN:77,(anonymous_7)
FN:81,(anonymous_8)
FN:84,(anonymous_9)
FN:89,(anonymous_10)
FN:97,(anonymous_11)
FN:128,(anonymous_12)
FN:131,(anonymous_13)
FN:136,(anonymous_14)
FNF:15
FNH:15
FNDA:1,(anonymous_0)
FNDA:1,(anonymous_1)
FNDA:3,(anonymous_2)
FNDA:1,(anonymous_3)
FNDA:2,(anonymous_4)
FNDA:1,(anonymous_5)
FNDA:1,(anonymous_6)
FNDA:1,(anonymous_7)
FNDA:2,(anonymous_8)
FNDA:1,(anonymous_9)
FNDA:1,(anonymous_10)
FNDA:1,(anonymous_11)
FNDA:2,(anonymous_12)
FNDA:1,(anonymous_13)
FNDA:1,(anonymous_14)
DA:8,1
DA:13,1
DA:14,1
DA:16,3
DA:19,1
DA:21,1
DA:28,1
DA:47,1
DA:48,1
DA:50,2
DA:53,1
DA:54,1
DA:58,1
DA:59,1
DA:73,1
DA:77,1
DA:79,1
DA:81,2
DA:84,1
DA:85,1
DA:89,1
DA:90,1
DA:91,1
DA:97,1
DA:99,1
DA:106,1
DA:125,1
DA:126,1
DA:128,2
DA:131,1
DA:132,1
DA:136,1
DA:137,1
DA:151,1
DA:155,1
DA:156,1
LF:36
LH:36
BRF:0
BRH:0
end_of_record
TN:
SF:src/test/utils/api.test.tsx
FN:6,(anonymous_0)
FN:9,(anonymous_1)
FN:14,(anonymous_2)
FN:19,(anonymous_3)
FN:38,(anonymous_4)
FN:49,(anonymous_5)
FN:65,(anonymous_6)
FN:96,(anonymous_7)
FN:107,(anonymous_8)
FNF:9
FNH:9
FNDA:1,(anonymous_0)
FNDA:4,(anonymous_1)
FNDA:4,(anonymous_2)
FNDA:1,(anonymous_3)
FNDA:1,(anonymous_4)
FNDA:1,(anonymous_5)
FNDA:1,(anonymous_6)
FNDA:1,(anonymous_7)
FNDA:1,(anonymous_8)
DA:6,1
DA:9,1
DA:11,4
DA:14,1
DA:16,4
DA:19,1
DA:21,1
DA:28,1
DA:34,1
DA:35,1
DA:38,1
DA:40,1
DA:47,1
DA:51,1
DA:56,1
DA:62,1
DA:65,1
DA:67,1
DA:86,1
DA:92,1
DA:93,1
DA:96,1
DA:98,1
DA:105,1
DA:109,1
DA:114,1
DA:120,1
LF:27
LH:27
BRF:0
BRH:0
end_of_record
TN:
SF:src/test/utils/deliveryFee.test.tsx
FN:14,(anonymous_0)
FN:15,(anonymous_1)
FN:20,(anonymous_2)
FN:26,(anonymous_3)
FN:27,(anonymous_4)
FN:32,(anonymous_5)
FN:34,(anonymous_6)
FNF:7
FNH:7
FNDA:1,(anonymous_0)
FNDA:1,(anonymous_1)
FNDA:1,(anonymous_2)
FNDA:1,(anonymous_3)
FNDA:1,(anonymous_4)
FNDA:1,(anonymous_5)
FNDA:1,(anonymous_6)
DA:6,1
DA:12,1
DA:14,1
DA:15,1
DA:16,1
DA:17,1
DA:20,1
DA:21,1
DA:23,1
DA:26,1
DA:27,1
DA:28,1
DA:32,1
DA:33,1
DA:34,1
LF:15
LH:15
BRF:0
BRH:0
end_of_record
TN:
SF:src/test/utils/distance.test.tsx
FN:4,(anonymous_0)
FN:5,(anonymous_1)
FN:10,(anonymous_2)
FNF:3
FNH:3
FNDA:1,(anonymous_0)
FNDA:1,(anonymous_1)
FNDA:1,(anonymous_2)
DA:4,1
DA:5,1
DA:6,1
DA:7,1
DA:10,1
DA:11,1
DA:12,1
DA:13,1
LF:8
LH:8
BRF:0
BRH:0
end_of_record
TN:
SF:src/utils/api.ts
FN:7,(anonymous_0)
FN:18,(anonymous_1)
FNF:2
FNH:2
FNDA:2,(anonymous_0)
FNDA:2,(anonymous_1)
DA:4,2
DA:7,2
DA:8,2
DA:9,2
DA:10,1
DA:12,1
DA:13,1
DA:18,2
DA:19,2
DA:20,2
DA:21,1
DA:23,1
DA:24,1
LF:13
LH:13
BRF:0
BRH:0
end_of_record
TN:
SF:src/utils/calculation.ts
FN:3,(anonymous_0)
FN:10,(anonymous_1)
FN:29,(anonymous_2)
FNF:3
FNH:3
FNDA:2,(anonymous_0)
FNDA:8,(anonymous_1)
FNDA:4,(anonymous_2)
DA:3,3
DA:10,8
DA:11,2
DA:13,2
DA:14,2
DA:15,2
DA:16,2
DA:18,2
DA:24,2
DA:25,2
DA:29,3
DA:34,4
DA:35,6
DA:36,6
DA:37,3
DA:38,1
DA:40,2
DA:43,1
LF:18
LH:18
BRDA:36,0,0,3
BRDA:36,0,1,3
BRDA:36,1,0,6
BRDA:36,1,1,6
BRDA:36,1,2,5
BRDA:37,2,0,1
BRDA:37,2,1,2
BRF:7
BRH:7
end_of_record
